<?xml version="1.0" encoding="UTF-8"?>
<!-- Generated by org.testng.reporters.JUnitReportReporter -->
<testsuite hostname="pc-itsix28" name="com.model.dao.implementation.MailDAOImplTest" tests="2" failures="0" timestamp="25 May 2018 07:33:48 GMT" time="0.002" errors="0">
  <testcase name="testGetInboxEmail" time="0.001" classname="com.model.dao.implementation.MailDAOImplTest"/>
  <testcase name="testGetSentEmail" time="0.001" classname="com.model.dao.implementation.MailDAOImplTest"/>
</testsuite> <!-- com.model.dao.implementation.MailDAOImplTest -->
