<?xml version="1.0" encoding="UTF-8"?>
<!-- Generated by org.testng.reporters.JUnitReportReporter -->
<testsuite hostname="pc-itsix28" name="com.model.dao.implementation.AssignmentDAOImplTest" tests="1" failures="0" timestamp="25 May 2018 07:33:48 GMT" time="0.007" errors="0">
  <testcase name="testGetAssignmentsForCourse" time="0.007" classname="com.model.dao.implementation.AssignmentDAOImplTest"/>
</testsuite> <!-- com.model.dao.implementation.AssignmentDAOImplTest -->
